::1 - - [20/Feb/2023:09:29:13 +0000] "OPTIONS /api/Customer/GetListAccountPayment/18 HTTP/1.1" 204 0
::1 - - [20/Feb/2023:09:29:13 +0000] "GET /api/Customer/GetListAccountPayment/18 HTTP/1.1" 304 -
::1 - - [20/Feb/2023:09:29:13 +0000] "OPTIONS /api/generic/ListPaymentType HTTP/1.1" 204 0
::1 - - [20/Feb/2023:09:29:14 +0000] "GET /api/generic/ListPaymentType HTTP/1.1" 304 -
::1 - - [20/Feb/2023:09:29:19 +0000] "OPTIONS /api/Customer/GetListRecipient/18 HTTP/1.1" 204 0
::1 - - [20/Feb/2023:09:29:19 +0000] "GET /api/Customer/GetListRecipient/18 HTTP/1.1" 304 -
::1 - - [20/Feb/2023:09:29:19 +0000] "OPTIONS /api/generic/ListBank HTTP/1.1" 204 0
::1 - - [20/Feb/2023:09:29:20 +0000] "GET /api/generic/ListBank HTTP/1.1" 304 -
::1 - - [20/Feb/2023:09:29:24 +0000] "OPTIONS /api/generic/InternalTransfer HTTP/1.1" 204 0
::1 - - [20/Feb/2023:09:29:29 +0000] "POST /api/generic/InternalTransfer HTTP/1.1" 200 71
::1 - - [20/Feb/2023:09:29:36 +0000] "POST /api/account/refresh HTTP/1.1" 200 184
::1 - - [20/Feb/2023:09:29:36 +0000] "OPTIONS /api/Customer/GetListAccountPayment/18 HTTP/1.1" 204 0
::1 - - [20/Feb/2023:09:29:41 +0000] "GET /api/Customer/GetListAccountPayment/18 HTTP/1.1" - -
::1 - - [20/Feb/2023:09:29:50 +0000] "OPTIONS /api/generic/CheckOTP/454 HTTP/1.1" 204 0
::1 - - [20/Feb/2023:09:29:55 +0000] "POST /api/generic/CheckOTP/454 HTTP/1.1" - -
::1 - - [20/Feb/2023:09:31:19 +0000] "OPTIONS /api/Customer/GetListAccountPayment/18 HTTP/1.1" 204 0
::1 - - [20/Feb/2023:09:31:20 +0000] "GET /api/Customer/GetListAccountPayment/18 HTTP/1.1" 200 135
::1 - - [20/Feb/2023:09:31:21 +0000] "GET /api/Customer/GetListAccountPayment/18 HTTP/1.1" 304 -
::1 - - [20/Feb/2023:09:31:21 +0000] "OPTIONS /api/generic/ListPaymentType HTTP/1.1" 204 0
::1 - - [20/Feb/2023:09:31:22 +0000] "GET /api/generic/ListPaymentType HTTP/1.1" 304 -
::1 - - [20/Feb/2023:09:31:23 +0000] "OPTIONS /api/Customer/GetListRecipient/18 HTTP/1.1" 204 0
::1 - - [20/Feb/2023:09:31:23 +0000] "GET /api/Customer/GetListRecipient/18 HTTP/1.1" 304 -
::1 - - [20/Feb/2023:09:31:23 +0000] "OPTIONS /api/generic/ListBank HTTP/1.1" 204 0
::1 - - [20/Feb/2023:09:31:24 +0000] "GET /api/generic/ListBank HTTP/1.1" 304 -
::1 - - [20/Feb/2023:09:31:29 +0000] "OPTIONS /api/generic/InternalTransfer HTTP/1.1" 204 0
::1 - - [20/Feb/2023:09:31:33 +0000] "POST /api/generic/InternalTransfer HTTP/1.1" 200 71
::1 - - [20/Feb/2023:09:31:51 +0000] "OPTIONS /api/generic/CheckOTP/455 HTTP/1.1" 204 0
::1 - - [20/Feb/2023:09:31:53 +0000] "OPTIONS /api/generic/Transaction/455 HTTP/1.1" 204 0
::1 - - [20/Feb/2023:09:31:53 +0000] "GET /api/generic/Transaction/455 HTTP/1.1" 401 34
::1 - - [20/Feb/2023:09:31:53 +0000] "OPTIONS /api/account/refresh HTTP/1.1" 204 0
::1 - - [20/Feb/2023:09:31:54 +0000] "POST /api/account/refresh HTTP/1.1" 200 182
::1 - - [20/Feb/2023:09:31:54 +0000] "GET /api/generic/Transaction/455 HTTP/1.1" 200 409
::1 - - [20/Feb/2023:09:31:54 +0000] "POST /api/generic/CheckOTP/455 HTTP/1.1" 200 53
::1 - - [20/Feb/2023:09:31:54 +0000] "OPTIONS /api/generic/Transaction/455 HTTP/1.1" 204 0
::1 - - [20/Feb/2023:09:31:54 +0000] "GET /api/generic/Transaction/455 HTTP/1.1" 200 409
::1 - - [20/Feb/2023:09:32:02 +0000] "OPTIONS /api/Customer/GetListAccountPayment/18 HTTP/1.1" 204 0
::1 - - [20/Feb/2023:09:32:03 +0000] "GET /api/Customer/GetListAccountPayment/18 HTTP/1.1" 304 -
::1 - - [20/Feb/2023:09:32:04 +0000] "GET /api/Customer/GetListAccountPayment/18 HTTP/1.1" 304 -
::1 - - [20/Feb/2023:09:32:04 +0000] "OPTIONS /api/generic/ListPaymentType HTTP/1.1" 204 0
::1 - - [20/Feb/2023:09:32:05 +0000] "GET /api/generic/ListPaymentType HTTP/1.1" 304 -
::1 - - [20/Feb/2023:09:32:08 +0000] "OPTIONS /api/Customer/GetListAccountPayment/18 HTTP/1.1" 204 0
::1 - - [20/Feb/2023:09:32:08 +0000] "GET /api/Customer/GetListAccountPayment/18 HTTP/1.1" 304 -
::1 - - [20/Feb/2023:09:32:09 +0000] "GET /api/generic/ListPaymentType HTTP/1.1" 304 -
::1 - - [20/Feb/2023:09:32:10 +0000] "GET /api/Customer/GetListAccountPayment/18 HTTP/1.1" 304 -
::1 - - [20/Feb/2023:09:32:13 +0000] "OPTIONS /api/Customer/GetListAccountPayment/18 HTTP/1.1" 204 0
::1 - - [20/Feb/2023:09:32:13 +0000] "GET /api/Customer/GetListAccountPayment/18 HTTP/1.1" 304 -
::1 - - [20/Feb/2023:09:32:13 +0000] "OPTIONS /api/generic/ListPaymentType HTTP/1.1" 204 0
::1 - - [20/Feb/2023:09:32:14 +0000] "GET /api/generic/ListPaymentType HTTP/1.1" 304 -
::1 - - [20/Feb/2023:09:32:16 +0000] "GET /api/Customer/GetListAccountPayment/18 HTTP/1.1" 304 -
::1 - - [20/Feb/2023:09:32:16 +0000] "GET /api/generic/ListPaymentType HTTP/1.1" 304 -
::1 - - [20/Feb/2023:09:32:18 +0000] "GET /api/Customer/GetListAccountPayment/18 HTTP/1.1" 304 -
::1 - - [20/Feb/2023:09:32:22 +0000] "OPTIONS /api/Customer/DebtRemind/GetListDebtRemindBySelf/18 HTTP/1.1" 204 0
::1 - - [20/Feb/2023:09:32:22 +0000] "GET /api/Customer/DebtRemind/GetListDebtRemindBySelf/18 HTTP/1.1" 304 -
::1 - - [20/Feb/2023:09:32:22 +0000] "OPTIONS /api/Customer/GetListAccountPayment/18 HTTP/1.1" 204 0
::1 - - [20/Feb/2023:09:32:22 +0000] "GET /api/Customer/GetListAccountPayment/18 HTTP/1.1" 304 -
::1 - - [20/Feb/2023:09:32:23 +0000] "OPTIONS /api/Customer/DebtRemind/GetListDebtRemindByAnother/18 HTTP/1.1" 204 0
::1 - - [20/Feb/2023:09:32:23 +0000] "GET /api/Customer/DebtRemind/GetListDebtRemindByAnother/18 HTTP/1.1" 200 1499
::1 - - [20/Feb/2023:09:32:23 +0000] "GET /api/Customer/GetListAccountPayment/18 HTTP/1.1" 304 -
::1 - - [20/Feb/2023:09:32:25 +0000] "GET /api/Customer/GetListAccountPayment/18 HTTP/1.1" 304 -
::1 - - [20/Feb/2023:09:32:27 +0000] "OPTIONS /api/Customer/GetListAccountPayment/18 HTTP/1.1" 204 0
::1 - - [20/Feb/2023:09:32:27 +0000] "GET /api/Customer/GetListAccountPayment/18 HTTP/1.1" 304 -
::1 - - [20/Feb/2023:09:32:27 +0000] "OPTIONS /api/generic/ListPaymentType HTTP/1.1" 204 0
::1 - - [20/Feb/2023:09:32:28 +0000] "GET /api/generic/ListPaymentType HTTP/1.1" 304 -
::1 - - [20/Feb/2023:09:32:33 +0000] "OPTIONS /api/Customer/GetListRecipient/18 HTTP/1.1" 204 0
::1 - - [20/Feb/2023:09:32:33 +0000] "GET /api/Customer/GetListRecipient/18 HTTP/1.1" 304 -
::1 - - [20/Feb/2023:09:32:33 +0000] "OPTIONS /api/generic/ListBank HTTP/1.1" 204 0
::1 - - [20/Feb/2023:09:32:34 +0000] "GET /api/generic/ListBank HTTP/1.1" 304 -
::1 - - [20/Feb/2023:09:32:44 +0000] "OPTIONS /api/generic/InternalTransfer HTTP/1.1" 204 0
::1 - - [20/Feb/2023:09:32:48 +0000] "POST /api/generic/InternalTransfer HTTP/1.1" 200 71
::1 - - [20/Feb/2023:09:33:19 +0000] "OPTIONS /api/generic/CheckOTP/456 HTTP/1.1" 204 0
::1 - - [20/Feb/2023:09:33:22 +0000] "OPTIONS /api/generic/Transaction/456 HTTP/1.1" 204 0
::1 - - [20/Feb/2023:09:33:22 +0000] "POST /api/generic/CheckOTP/456 HTTP/1.1" 200 53
::1 - - [20/Feb/2023:09:33:22 +0000] "GET /api/generic/Transaction/456 HTTP/1.1" 200 409
::1 - - [20/Feb/2023:09:33:22 +0000] "OPTIONS /api/generic/Transaction/456 HTTP/1.1" 204 0
::1 - - [20/Feb/2023:09:33:22 +0000] "GET /api/generic/Transaction/456 HTTP/1.1" 200 409
::1 - - [20/Feb/2023:09:33:29 +0000] "OPTIONS /api/Customer/GetListAccountPayment/18 HTTP/1.1" 204 0
::1 - - [20/Feb/2023:09:33:30 +0000] "GET /api/Customer/GetListAccountPayment/18 HTTP/1.1" 200 135
::1 - - [20/Feb/2023:09:33:30 +0000] "OPTIONS /api/customer/GetListTransaction/0339855832 HTTP/1.1" 204 0
::1 - - [20/Feb/2023:09:33:30 +0000] "GET /api/customer/GetListTransaction/0339855832 HTTP/1.1" 200 42590
::1 - - [20/Feb/2023:09:33:32 +0000] "GET /api/Customer/GetListAccountPayment/18 HTTP/1.1" 304 -
::1 - - [20/Feb/2023:09:33:32 +0000] "OPTIONS /api/generic/ListPaymentType HTTP/1.1" 204 0
::1 - - [20/Feb/2023:09:33:32 +0000] "GET /api/generic/ListPaymentType HTTP/1.1" 304 -
::1 - - [20/Feb/2023:09:34:14 +0000] "OPTIONS /api/Customer/GetListAccountPayment/18 HTTP/1.1" 204 0
::1 - - [20/Feb/2023:09:34:18 +0000] "GET /api/Customer/GetListAccountPayment/18 HTTP/1.1" 304 -
::1 - - [20/Feb/2023:09:34:18 +0000] "OPTIONS /api/generic/ListPaymentType HTTP/1.1" 204 0
::1 - - [20/Feb/2023:09:34:22 +0000] "GET /api/generic/ListPaymentType HTTP/1.1" - -
::1 - - [20/Feb/2023:09:34:23 +0000] "OPTIONS /api/Customer/GetListAccountPayment/18 HTTP/1.1" 204 0
::1 - - [20/Feb/2023:09:34:24 +0000] "GET /api/Customer/GetListAccountPayment/18 HTTP/1.1" 304 -
::1 - - [20/Feb/2023:09:34:25 +0000] "OPTIONS /api/generic/ListPaymentType HTTP/1.1" 204 0
::1 - - [20/Feb/2023:09:34:25 +0000] "OPTIONS /api/Customer/GetListRecipient/18 HTTP/1.1" 204 0
::1 - - [20/Feb/2023:09:34:25 +0000] "GET /api/generic/ListPaymentType HTTP/1.1" 200 160
::1 - - [20/Feb/2023:09:34:25 +0000] "GET /api/Customer/GetListRecipient/18 HTTP/1.1" 304 -
::1 - - [20/Feb/2023:09:34:25 +0000] "OPTIONS /api/generic/ListBank HTTP/1.1" 204 0
::1 - - [20/Feb/2023:09:34:26 +0000] "GET /api/generic/ListBank HTTP/1.1" 304 -
::1 - - [20/Feb/2023:09:34:46 +0000] "OPTIONS /api/Customer/GetListRecipient/18 HTTP/1.1" 204 0
::1 - - [20/Feb/2023:09:34:46 +0000] "GET /api/Customer/GetListRecipient/18 HTTP/1.1" 401 34
::1 - - [20/Feb/2023:09:34:46 +0000] "OPTIONS /api/account/refresh HTTP/1.1" 204 0
::1 - - [20/Feb/2023:09:34:46 +0000] "POST /api/account/refresh HTTP/1.1" 200 184
::1 - - [20/Feb/2023:09:34:51 +0000] "GET /api/Customer/GetListRecipient/18 HTTP/1.1" - -
::1 - - [20/Feb/2023:09:36:37 +0000] "OPTIONS /api/Customer/GetListAccountPayment/18 HTTP/1.1" 204 0
::1 - - [20/Feb/2023:09:36:39 +0000] "GET /api/Customer/GetListAccountPayment/18 HTTP/1.1" 304 -
::1 - - [20/Feb/2023:09:36:42 +0000] "GET /api/Customer/GetListAccountPayment/18 HTTP/1.1" 304 -
::1 - - [20/Feb/2023:09:36:42 +0000] "OPTIONS /api/generic/ListPaymentType HTTP/1.1" 204 0
::1 - - [20/Feb/2023:09:36:42 +0000] "GET /api/generic/ListPaymentType HTTP/1.1" 304 -
::1 - - [20/Feb/2023:09:54:11 +0000] "OPTIONS /api/Customer/GetListRecipient/18 HTTP/1.1" 204 0
::1 - - [20/Feb/2023:09:54:11 +0000] "GET /api/Customer/GetListRecipient/18 HTTP/1.1" 401 34
::1 - - [20/Feb/2023:09:54:11 +0000] "OPTIONS /api/account/refresh HTTP/1.1" 204 0
::1 - - [20/Feb/2023:09:54:12 +0000] "POST /api/account/refresh HTTP/1.1" 200 184
::1 - - [20/Feb/2023:09:54:12 +0000] "GET /api/Customer/GetListRecipient/18 HTTP/1.1" 200 172
::1 - - [20/Feb/2023:09:54:12 +0000] "OPTIONS /api/generic/ListBank HTTP/1.1" 204 0
::1 - - [20/Feb/2023:09:54:13 +0000] "GET /api/generic/ListBank HTTP/1.1" 304 -
::1 - - [20/Feb/2023:09:54:21 +0000] "OPTIONS /api/generic/InternalTransfer HTTP/1.1" 204 0
::1 - - [20/Feb/2023:09:54:25 +0000] "POST /api/generic/InternalTransfer HTTP/1.1" 200 71
::1 - - [20/Feb/2023:09:55:06 +0000] "OPTIONS /api/Customer/GetListAccountPayment/18 HTTP/1.1" 204 0
::1 - - [20/Feb/2023:09:55:07 +0000] "GET /api/Customer/GetListAccountPayment/18 HTTP/1.1" 304 -
::1 - - [20/Feb/2023:09:56:10 +0000] "OPTIONS /api/Customer/GetListRecipient/18 HTTP/1.1" 204 0
::1 - - [20/Feb/2023:09:56:11 +0000] "GET /api/Customer/GetListRecipient/18 HTTP/1.1" 304 -
::1 - - [20/Feb/2023:09:56:11 +0000] "OPTIONS /api/generic/ListBank HTTP/1.1" 204 0
::1 - - [20/Feb/2023:09:56:12 +0000] "GET /api/generic/ListBank HTTP/1.1" 304 -
::1 - - [20/Feb/2023:09:56:13 +0000] "OPTIONS /api/Customer/GetListAccountPayment/18 HTTP/1.1" 204 0
::1 - - [20/Feb/2023:09:56:13 +0000] "GET /api/Customer/GetListAccountPayment/18 HTTP/1.1" 304 -
::1 - - [20/Feb/2023:09:56:17 +0000] "OPTIONS /api/Customer/GetListRecipient/18 HTTP/1.1" 204 0
::1 - - [20/Feb/2023:09:56:18 +0000] "GET /api/Customer/GetListRecipient/18 HTTP/1.1" 304 -
::1 - - [20/Feb/2023:09:56:18 +0000] "OPTIONS /api/generic/ListBank HTTP/1.1" 204 0
::1 - - [20/Feb/2023:09:56:18 +0000] "GET /api/generic/ListBank HTTP/1.1" 304 -
::1 - - [20/Feb/2023:09:56:20 +0000] "OPTIONS /api/Customer/GetListAccountPayment/18 HTTP/1.1" 204 0
::1 - - [20/Feb/2023:09:56:20 +0000] "GET /api/Customer/GetListAccountPayment/18 HTTP/1.1" 304 -
::1 - - [20/Feb/2023:10:57:35 +0000] "OPTIONS /api/Customer/GetListAccountPayment/18 HTTP/1.1" 204 0
::1 - - [20/Feb/2023:10:57:35 +0000] "GET /api/Customer/GetListAccountPayment/18 HTTP/1.1" 401 34
::1 - - [20/Feb/2023:10:57:35 +0000] "OPTIONS /api/account/refresh HTTP/1.1" 204 0
::1 - - [20/Feb/2023:10:57:36 +0000] "POST /api/account/refresh HTTP/1.1" 200 184
::1 - - [20/Feb/2023:10:57:37 +0000] "GET /api/Customer/GetListAccountPayment/18 HTTP/1.1" 304 -
::1 - - [20/Feb/2023:10:57:37 +0000] "OPTIONS /api/generic/ListPaymentType HTTP/1.1" 204 0
::1 - - [20/Feb/2023:10:57:37 +0000] "GET /api/generic/ListPaymentType HTTP/1.1" 304 -
::1 - - [20/Feb/2023:11:44:26 +0000] "OPTIONS /api/Customer/GetListRecipient/18 HTTP/1.1" 204 0
::1 - - [20/Feb/2023:11:44:26 +0000] "GET /api/Customer/GetListRecipient/18 HTTP/1.1" 401 34
::1 - - [20/Feb/2023:11:44:26 +0000] "OPTIONS /api/account/refresh HTTP/1.1" 204 0
::1 - - [20/Feb/2023:11:44:27 +0000] "POST /api/account/refresh HTTP/1.1" 200 184
::1 - - [20/Feb/2023:11:44:28 +0000] "GET /api/Customer/GetListRecipient/18 HTTP/1.1" 304 -
::1 - - [20/Feb/2023:11:44:28 +0000] "OPTIONS /api/generic/ListBank HTTP/1.1" 204 0
::1 - - [20/Feb/2023:11:44:28 +0000] "GET /api/generic/ListBank HTTP/1.1" 304 -
::1 - - [20/Feb/2023:11:44:37 +0000] "OPTIONS /api/Customer/GetListAccountPayment/18 HTTP/1.1" 204 0
::1 - - [20/Feb/2023:11:44:37 +0000] "GET /api/Customer/GetListAccountPayment/18 HTTP/1.1" 304 -
::1 - - [20/Feb/2023:11:44:37 +0000] "OPTIONS /api/generic/ListPaymentType HTTP/1.1" 204 0
::1 - - [20/Feb/2023:11:44:38 +0000] "OPTIONS /api/Customer/GetListRecipient/18 HTTP/1.1" 204 0
::1 - - [20/Feb/2023:11:44:38 +0000] "GET /api/generic/ListPaymentType HTTP/1.1" 304 -
::1 - - [20/Feb/2023:11:44:39 +0000] "GET /api/Customer/GetListRecipient/18 HTTP/1.1" 304 -
::1 - - [20/Feb/2023:11:44:39 +0000] "OPTIONS /api/generic/ListBank HTTP/1.1" 204 0
::1 - - [20/Feb/2023:11:44:39 +0000] "GET /api/generic/ListBank HTTP/1.1" 304 -
::1 - - [20/Feb/2023:11:44:51 +0000] "OPTIONS /api/generic/InternalTransfer HTTP/1.1" 204 0
::1 - - [20/Feb/2023:11:44:56 +0000] "POST /api/generic/InternalTransfer HTTP/1.1" - -
::1 - - [20/Feb/2023:11:45:09 +0000] "OPTIONS /api/generic/InternalTransfer HTTP/1.1" 204 0
::1 - - [20/Feb/2023:11:45:13 +0000] "POST /api/generic/InternalTransfer HTTP/1.1" 200 71
::1 - - [20/Feb/2023:11:45:19 +0000] "OPTIONS /api/Customer/GetListAccountPayment/18 HTTP/1.1" 204 0
::1 - - [20/Feb/2023:11:45:19 +0000] "GET /api/Customer/GetListAccountPayment/18 HTTP/1.1" 304 -
::1 - - [20/Feb/2023:11:45:21 +0000] "GET /api/Customer/GetListAccountPayment/18 HTTP/1.1" 304 -
::1 - - [20/Feb/2023:11:45:21 +0000] "OPTIONS /api/generic/ListPaymentType HTTP/1.1" 204 0
::1 - - [20/Feb/2023:11:45:22 +0000] "GET /api/generic/ListPaymentType HTTP/1.1" 304 -
::1 - - [20/Feb/2023:11:47:03 +0000] "OPTIONS /api/Customer/GetListRecipient/18 HTTP/1.1" 204 0
::1 - - [20/Feb/2023:11:47:05 +0000] "GET /api/Customer/GetListRecipient/18 HTTP/1.1" 304 -
::1 - - [20/Feb/2023:11:47:05 +0000] "OPTIONS /api/generic/ListBank HTTP/1.1" 204 0
::1 - - [20/Feb/2023:11:47:06 +0000] "GET /api/generic/ListBank HTTP/1.1" 304 -
::1 - - [20/Feb/2023:11:47:13 +0000] "OPTIONS /api/generic/InternalTransfer HTTP/1.1" 204 0
::1 - - [20/Feb/2023:11:47:13 +0000] "POST /api/generic/InternalTransfer HTTP/1.1" 400 149
::1 - - [20/Feb/2023:11:47:21 +0000] "OPTIONS /api/generic/InternalTransfer HTTP/1.1" 204 0
::1 - - [20/Feb/2023:11:47:25 +0000] "POST /api/generic/InternalTransfer HTTP/1.1" 200 71
::1 - - [20/Feb/2023:11:47:44 +0000] "OPTIONS /api/Customer/GetListAccountPayment/18 HTTP/1.1" 204 0
::1 - - [20/Feb/2023:11:47:44 +0000] "GET /api/Customer/GetListAccountPayment/18 HTTP/1.1" 304 -
::1 - - [20/Feb/2023:11:48:02 +0000] "OPTIONS /api/Customer/GetListAccountPayment/18 HTTP/1.1" 204 0
::1 - - [20/Feb/2023:11:48:03 +0000] "GET /api/Customer/GetListAccountPayment/18 HTTP/1.1" 304 -
::1 - - [20/Feb/2023:11:48:03 +0000] "OPTIONS /api/generic/ListPaymentType HTTP/1.1" 204 0
::1 - - [20/Feb/2023:11:48:03 +0000] "GET /api/generic/ListPaymentType HTTP/1.1" 304 -
::1 - - [20/Feb/2023:11:48:05 +0000] "OPTIONS /api/Customer/GetListRecipient/18 HTTP/1.1" 204 0
::1 - - [20/Feb/2023:11:48:05 +0000] "GET /api/Customer/GetListRecipient/18 HTTP/1.1" 304 -
::1 - - [20/Feb/2023:11:48:05 +0000] "OPTIONS /api/generic/ListBank HTTP/1.1" 204 0
::1 - - [20/Feb/2023:11:48:06 +0000] "GET /api/generic/ListBank HTTP/1.1" 304 -
::1 - - [20/Feb/2023:12:02:43 +0000] "OPTIONS /api/generic/InternalTransfer HTTP/1.1" 204 0
::1 - - [20/Feb/2023:12:02:43 +0000] "POST /api/generic/InternalTransfer HTTP/1.1" 401 34
::1 - - [20/Feb/2023:12:02:43 +0000] "OPTIONS /api/account/refresh HTTP/1.1" 204 0
::1 - - [20/Feb/2023:12:02:44 +0000] "POST /api/account/refresh HTTP/1.1" 200 184
::1 - - [20/Feb/2023:12:02:49 +0000] "POST /api/generic/InternalTransfer HTTP/1.1" 200 71
::1 - - [20/Feb/2023:12:03:14 +0000] "OPTIONS /api/generic/CheckOTP/461 HTTP/1.1" 204 0
::1 - - [20/Feb/2023:12:03:17 +0000] "OPTIONS /api/Customer/GetListAccountPayment/4 HTTP/1.1" 204 0
::1 - - [20/Feb/2023:12:03:17 +0000] "GET /api/Customer/GetListAccountPayment/4 HTTP/1.1" 401 34
::1 - - [20/Feb/2023:12:03:17 +0000] "OPTIONS /api/account/refresh HTTP/1.1" 204 0
::1 - - [20/Feb/2023:12:03:18 +0000] "POST /api/account/refresh HTTP/1.1" 200 182
::1 - - [20/Feb/2023:12:03:19 +0000] "GET /api/Customer/GetListAccountPayment/4 HTTP/1.1" 200 193
::1 - - [20/Feb/2023:12:03:19 +0000] "POST /api/generic/CheckOTP/461 HTTP/1.1" - -
::1 - - [20/Feb/2023:12:03:20 +0000] "OPTIONS /api/generic/Transaction/461 HTTP/1.1" 204 0
::1 - - [20/Feb/2023:12:03:20 +0000] "GET /api/generic/Transaction/461 HTTP/1.1" 200 409
::1 - - [20/Feb/2023:12:05:42 +0000] "OPTIONS /api/Customer/GetListAccountPayment/18 HTTP/1.1" 204 0
::1 - - [20/Feb/2023:12:05:43 +0000] "GET /api/Customer/GetListAccountPayment/18 HTTP/1.1" 200 135
::1 - - [20/Feb/2023:12:05:43 +0000] "OPTIONS /api/generic/ListPaymentType HTTP/1.1" 204 0
::1 - - [20/Feb/2023:12:05:44 +0000] "GET /api/generic/ListPaymentType HTTP/1.1" 304 -
::1 - - [20/Feb/2023:12:05:45 +0000] "OPTIONS /api/Customer/GetListRecipient/18 HTTP/1.1" 204 0
::1 - - [20/Feb/2023:12:05:45 +0000] "GET /api/Customer/GetListRecipient/18 HTTP/1.1" 304 -
::1 - - [20/Feb/2023:12:05:45 +0000] "OPTIONS /api/generic/ListBank HTTP/1.1" 204 0
::1 - - [20/Feb/2023:12:05:47 +0000] "GET /api/generic/ListBank HTTP/1.1" 304 -
::1 - - [20/Feb/2023:12:05:49 +0000] "OPTIONS /api/Customer/GetListAccountPayment/18 HTTP/1.1" 204 0
::1 - - [20/Feb/2023:12:05:49 +0000] "GET /api/Customer/GetListAccountPayment/18 HTTP/1.1" 304 -
::1 - - [20/Feb/2023:12:05:50 +0000] "GET /api/Customer/GetListAccountPayment/18 HTTP/1.1" 304 -
::1 - - [20/Feb/2023:12:05:50 +0000] "OPTIONS /api/customer/GetListTransaction/0339855832 HTTP/1.1" 204 0
::1 - - [20/Feb/2023:12:05:55 +0000] "GET /api/customer/GetListTransaction/0339855832 HTTP/1.1" 200 44138
::1 - - [20/Feb/2023:12:06:05 +0000] "OPTIONS /api/Customer/GetListAccountPayment/18 HTTP/1.1" 204 0
::1 - - [20/Feb/2023:12:06:06 +0000] "GET /api/Customer/GetListAccountPayment/18 HTTP/1.1" 304 -
::1 - - [20/Feb/2023:12:06:09 +0000] "GET /api/Customer/GetListAccountPayment/18 HTTP/1.1" 304 -
::1 - - [20/Feb/2023:12:06:09 +0000] "OPTIONS /api/generic/ListPaymentType HTTP/1.1" 204 0
::1 - - [20/Feb/2023:12:06:10 +0000] "OPTIONS /api/Customer/GetListRecipient/18 HTTP/1.1" 204 0
::1 - - [20/Feb/2023:12:06:11 +0000] "GET /api/generic/ListPaymentType HTTP/1.1" 304 -
::1 - - [20/Feb/2023:12:06:11 +0000] "GET /api/Customer/GetListRecipient/18 HTTP/1.1" 304 -
::1 - - [20/Feb/2023:12:06:11 +0000] "OPTIONS /api/generic/ListBank HTTP/1.1" 204 0
::1 - - [20/Feb/2023:12:06:13 +0000] "GET /api/generic/ListBank HTTP/1.1" 304 -
::1 - - [20/Feb/2023:12:06:21 +0000] "OPTIONS /api/generic/InternalTransfer HTTP/1.1" 204 0
::1 - - [20/Feb/2023:12:06:25 +0000] "POST /api/generic/InternalTransfer HTTP/1.1" 200 71
::1 - - [20/Feb/2023:12:06:50 +0000] "OPTIONS /api/generic/CheckOTP/462 HTTP/1.1" 204 0
::1 - - [20/Feb/2023:12:06:55 +0000] "OPTIONS /api/generic/Transaction/462 HTTP/1.1" 204 0
::1 - - [20/Feb/2023:12:06:55 +0000] "POST /api/generic/CheckOTP/462 HTTP/1.1" - -
::1 - - [20/Feb/2023:12:06:56 +0000] "GET /api/generic/Transaction/462 HTTP/1.1" 200 411
::1 - - [20/Feb/2023:12:08:46 +0000] "OPTIONS /api/Customer/GetListAccountPayment/18 HTTP/1.1" 204 0
::1 - - [20/Feb/2023:12:08:46 +0000] "GET /api/Customer/GetListAccountPayment/18 HTTP/1.1" 401 34
::1 - - [20/Feb/2023:12:08:46 +0000] "OPTIONS /api/account/refresh HTTP/1.1" 204 0
::1 - - [20/Feb/2023:12:08:48 +0000] "POST /api/account/refresh HTTP/1.1" 200 184
::1 - - [20/Feb/2023:12:08:49 +0000] "GET /api/Customer/GetListAccountPayment/18 HTTP/1.1" 200 135
::1 - - [20/Feb/2023:12:08:51 +0000] "GET /api/Customer/GetListAccountPayment/18 HTTP/1.1" 304 -
::1 - - [20/Feb/2023:12:08:51 +0000] "OPTIONS /api/generic/ListPaymentType HTTP/1.1" 204 0
::1 - - [20/Feb/2023:12:08:52 +0000] "GET /api/generic/ListPaymentType HTTP/1.1" 304 -
::1 - - [20/Feb/2023:12:08:52 +0000] "OPTIONS /api/Customer/GetListRecipient/18 HTTP/1.1" 204 0
::1 - - [20/Feb/2023:12:08:53 +0000] "GET /api/Customer/GetListRecipient/18 HTTP/1.1" 304 -
::1 - - [20/Feb/2023:12:08:53 +0000] "OPTIONS /api/generic/ListBank HTTP/1.1" 204 0
::1 - - [20/Feb/2023:12:08:54 +0000] "GET /api/generic/ListBank HTTP/1.1" 304 -
::1 - - [20/Feb/2023:12:09:02 +0000] "OPTIONS /api/generic/InternalTransfer HTTP/1.1" 204 0
::1 - - [20/Feb/2023:12:09:07 +0000] "POST /api/generic/InternalTransfer HTTP/1.1" - -
::1 - - [20/Feb/2023:12:09:12 +0000] "OPTIONS /api/generic/InternalTransfer HTTP/1.1" 204 0
::1 - - [20/Feb/2023:12:09:17 +0000] "POST /api/generic/InternalTransfer HTTP/1.1" - -
::1 - - [20/Feb/2023:12:09:25 +0000] "OPTIONS /api/generic/InternalTransfer HTTP/1.1" 204 0
::1 - - [20/Feb/2023:12:09:30 +0000] "POST /api/generic/InternalTransfer HTTP/1.1" - -
::1 - - [20/Feb/2023:12:09:46 +0000] "OPTIONS /api/generic/InternalTransfer HTTP/1.1" 204 0
::1 - - [20/Feb/2023:12:09:51 +0000] "POST /api/generic/InternalTransfer HTTP/1.1" - -
::1 - - [20/Feb/2023:12:12:42 +0000] "OPTIONS /api/Customer/GetListAccountPayment/18 HTTP/1.1" 204 0
::1 - - [20/Feb/2023:12:12:43 +0000] "GET /api/Customer/GetListAccountPayment/18 HTTP/1.1" 304 -
::1 - - [20/Feb/2023:12:12:43 +0000] "OPTIONS /api/generic/ListPaymentType HTTP/1.1" 204 0
::1 - - [20/Feb/2023:12:12:44 +0000] "GET /api/generic/ListPaymentType HTTP/1.1" 304 -
::1 - - [20/Feb/2023:12:12:44 +0000] "OPTIONS /api/Customer/GetListRecipient/18 HTTP/1.1" 204 0
::1 - - [20/Feb/2023:12:12:44 +0000] "GET /api/Customer/GetListRecipient/18 HTTP/1.1" 304 -
::1 - - [20/Feb/2023:12:12:45 +0000] "OPTIONS /api/generic/ListBank HTTP/1.1" 204 0
::1 - - [20/Feb/2023:12:12:46 +0000] "GET /api/generic/ListBank HTTP/1.1" 304 -
::1 - - [20/Feb/2023:12:12:54 +0000] "OPTIONS /api/generic/InternalTransfer HTTP/1.1" 204 0
::1 - - [20/Feb/2023:12:12:59 +0000] "POST /api/generic/InternalTransfer HTTP/1.1" - -
::1 - - [20/Feb/2023:12:13:06 +0000] "OPTIONS /api/generic/InternalTransfer HTTP/1.1" 204 0
::1 - - [20/Feb/2023:12:13:11 +0000] "POST /api/generic/InternalTransfer HTTP/1.1" - -
::1 - - [20/Feb/2023:12:13:40 +0000] "OPTIONS /api/generic/InternalTransfer HTTP/1.1" 204 0
::1 - - [20/Feb/2023:12:13:45 +0000] "POST /api/generic/InternalTransfer HTTP/1.1" - -
::1 - - [20/Feb/2023:12:13:54 +0000] "OPTIONS /api/Customer/GetListAccountPayment/18 HTTP/1.1" 204 0
::1 - - [20/Feb/2023:12:13:54 +0000] "GET /api/Customer/GetListAccountPayment/18 HTTP/1.1" 401 34
::1 - - [20/Feb/2023:12:13:54 +0000] "OPTIONS /api/account/refresh HTTP/1.1" 204 0
::1 - - [20/Feb/2023:12:13:55 +0000] "POST /api/account/refresh HTTP/1.1" 200 184
::1 - - [20/Feb/2023:12:13:57 +0000] "GET /api/Customer/GetListAccountPayment/18 HTTP/1.1" 304 -
::1 - - [20/Feb/2023:12:14:01 +0000] "OPTIONS /api/Customer/GetListAccountPayment/18 HTTP/1.1" 204 0
::1 - - [20/Feb/2023:12:14:01 +0000] "GET /api/Customer/GetListAccountPayment/18 HTTP/1.1" 304 -
::1 - - [20/Feb/2023:12:14:01 +0000] "OPTIONS /api/generic/ListPaymentType HTTP/1.1" 204 0
::1 - - [20/Feb/2023:12:14:02 +0000] "GET /api/generic/ListPaymentType HTTP/1.1" 304 -
::1 - - [20/Feb/2023:12:14:03 +0000] "OPTIONS /api/Customer/GetListRecipient/18 HTTP/1.1" 204 0
::1 - - [20/Feb/2023:12:14:05 +0000] "GET /api/Customer/GetListRecipient/18 HTTP/1.1" 304 -
::1 - - [20/Feb/2023:12:14:05 +0000] "OPTIONS /api/generic/ListBank HTTP/1.1" 204 0
::1 - - [20/Feb/2023:12:14:05 +0000] "GET /api/generic/ListBank HTTP/1.1" 304 -
::1 - - [20/Feb/2023:12:14:17 +0000] "OPTIONS /api/generic/InternalTransfer HTTP/1.1" 204 0
::1 - - [20/Feb/2023:12:14:22 +0000] "POST /api/generic/InternalTransfer HTTP/1.1" - -
::1 - - [20/Feb/2023:12:14:39 +0000] "OPTIONS /api/Customer/GetListAccountPayment/18 HTTP/1.1" 204 0
::1 - - [20/Feb/2023:12:14:40 +0000] "GET /api/Customer/GetListAccountPayment/18 HTTP/1.1" 304 -
::1 - - [20/Feb/2023:12:14:40 +0000] "OPTIONS /api/generic/ListPaymentType HTTP/1.1" 204 0
::1 - - [20/Feb/2023:12:14:40 +0000] "GET /api/generic/ListPaymentType HTTP/1.1" 304 -
::1 - - [20/Feb/2023:12:14:41 +0000] "OPTIONS /api/Customer/GetListRecipient/18 HTTP/1.1" 204 0
::1 - - [20/Feb/2023:12:14:42 +0000] "GET /api/Customer/GetListRecipient/18 HTTP/1.1" 304 -
::1 - - [20/Feb/2023:12:14:42 +0000] "OPTIONS /api/generic/ListBank HTTP/1.1" 204 0
::1 - - [20/Feb/2023:12:14:42 +0000] "GET /api/generic/ListBank HTTP/1.1" 304 -
::1 - - [20/Feb/2023:12:14:51 +0000] "OPTIONS /api/generic/InternalTransfer HTTP/1.1" 204 0
::1 - - [20/Feb/2023:12:14:56 +0000] "POST /api/generic/InternalTransfer HTTP/1.1" - -
::1 - - [20/Feb/2023:12:15:28 +0000] "OPTIONS /api/generic/InternalTransfer HTTP/1.1" 204 0
::1 - - [20/Feb/2023:12:15:33 +0000] "POST /api/generic/InternalTransfer HTTP/1.1" - -
::1 - - [20/Feb/2023:12:16:01 +0000] "OPTIONS /api/generic/InternalTransfer HTTP/1.1" 204 0
::1 - - [20/Feb/2023:12:16:06 +0000] "POST /api/generic/InternalTransfer HTTP/1.1" - -
::1 - - [20/Feb/2023:12:16:56 +0000] "OPTIONS /api/generic/InternalTransfer HTTP/1.1" 204 0
::1 - - [20/Feb/2023:12:17:01 +0000] "POST /api/generic/InternalTransfer HTTP/1.1" - -
::1 - - [20/Feb/2023:12:18:22 +0000] "OPTIONS /api/generic/InternalTransfer HTTP/1.1" 204 0
::1 - - [20/Feb/2023:12:18:27 +0000] "POST /api/generic/InternalTransfer HTTP/1.1" - -
::1 - - [20/Feb/2023:12:19:26 +0000] "OPTIONS /api/generic/InternalTransfer HTTP/1.1" 204 0
::1 - - [20/Feb/2023:12:19:26 +0000] "POST /api/generic/InternalTransfer HTTP/1.1" 401 34
::1 - - [20/Feb/2023:12:19:26 +0000] "OPTIONS /api/account/refresh HTTP/1.1" 204 0
::1 - - [20/Feb/2023:12:19:30 +0000] "POST /api/account/refresh HTTP/1.1" 200 184
::1 - - [20/Feb/2023:12:19:35 +0000] "POST /api/generic/InternalTransfer HTTP/1.1" - -
::1 - - [20/Feb/2023:12:20:09 +0000] "OPTIONS /api/Customer/GetListAccountPayment/4 HTTP/1.1" 204 0
::1 - - [20/Feb/2023:12:20:09 +0000] "GET /api/Customer/GetListAccountPayment/4 HTTP/1.1" 401 34
::1 - - [20/Feb/2023:12:20:09 +0000] "OPTIONS /api/account/refresh HTTP/1.1" 204 0
::1 - - [20/Feb/2023:12:20:11 +0000] "POST /api/account/refresh HTTP/1.1" 200 182
::1 - - [20/Feb/2023:12:20:12 +0000] "GET /api/Customer/GetListAccountPayment/4 HTTP/1.1" 200 193
::1 - - [20/Feb/2023:12:20:12 +0000] "OPTIONS /api/generic/ListPaymentType HTTP/1.1" 204 0
::1 - - [20/Feb/2023:12:20:13 +0000] "OPTIONS /api/Customer/GetListRecipient/4 HTTP/1.1" 204 0
::1 - - [20/Feb/2023:12:20:13 +0000] "GET /api/generic/ListPaymentType HTTP/1.1" 304 -
::1 - - [20/Feb/2023:12:20:16 +0000] "GET /api/Customer/GetListRecipient/4 HTTP/1.1" 304 -
::1 - - [20/Feb/2023:12:20:16 +0000] "OPTIONS /api/generic/ListBank HTTP/1.1" 204 0
::1 - - [20/Feb/2023:12:20:19 +0000] "GET /api/generic/ListBank HTTP/1.1" 304 -
::1 - - [20/Feb/2023:12:20:32 +0000] "OPTIONS /api/generic/InternalTransfer HTTP/1.1" 204 0
::1 - - [20/Feb/2023:12:20:37 +0000] "POST /api/generic/InternalTransfer HTTP/1.1" - -
::1 - - [20/Feb/2023:12:20:59 +0000] "OPTIONS /api/Customer/GetListAccountPayment/18 HTTP/1.1" 204 0
::1 - - [20/Feb/2023:12:21:01 +0000] "GET /api/Customer/GetListAccountPayment/18 HTTP/1.1" 304 -
::1 - - [20/Feb/2023:12:21:02 +0000] "GET /api/Customer/GetListAccountPayment/18 HTTP/1.1" 304 -
::1 - - [20/Feb/2023:12:21:02 +0000] "OPTIONS /api/generic/ListPaymentType HTTP/1.1" 204 0
::1 - - [20/Feb/2023:12:21:02 +0000] "GET /api/generic/ListPaymentType HTTP/1.1" 304 -
::1 - - [20/Feb/2023:12:21:19 +0000] "OPTIONS /api/Customer/GetListRecipient/18 HTTP/1.1" 204 0
::1 - - [20/Feb/2023:12:21:19 +0000] "GET /api/Customer/GetListRecipient/18 HTTP/1.1" 304 -
::1 - - [20/Feb/2023:12:21:19 +0000] "OPTIONS /api/generic/ListBank HTTP/1.1" 204 0
::1 - - [20/Feb/2023:12:21:21 +0000] "GET /api/generic/ListBank HTTP/1.1" 304 -
::1 - - [20/Feb/2023:12:21:37 +0000] "OPTIONS /api/generic/InternalTransfer HTTP/1.1" 204 0
::1 - - [20/Feb/2023:12:21:42 +0000] "POST /api/generic/InternalTransfer HTTP/1.1" - -
::1 - - [20/Feb/2023:12:24:43 +0000] "OPTIONS /api/Customer/GetListAccountPayment/18 HTTP/1.1" 204 0
::1 - - [20/Feb/2023:12:24:43 +0000] "GET /api/Customer/GetListAccountPayment/18 HTTP/1.1" 401 34
::1 - - [20/Feb/2023:12:24:43 +0000] "OPTIONS /api/account/refresh HTTP/1.1" 204 0
::1 - - [20/Feb/2023:12:24:46 +0000] "POST /api/account/refresh HTTP/1.1" 200 184
::1 - - [20/Feb/2023:12:24:47 +0000] "GET /api/Customer/GetListAccountPayment/18 HTTP/1.1" 304 -
::1 - - [20/Feb/2023:12:24:47 +0000] "OPTIONS /api/generic/ListPaymentType HTTP/1.1" 204 0
::1 - - [20/Feb/2023:12:24:48 +0000] "GET /api/generic/ListPaymentType HTTP/1.1" 304 -
::1 - - [20/Feb/2023:12:25:15 +0000] "OPTIONS /api/Customer/GetListAccountPayment/18 HTTP/1.1" 204 0
::1 - - [20/Feb/2023:12:25:15 +0000] "GET /api/Customer/GetListAccountPayment/18 HTTP/1.1" 304 -
::1 - - [20/Feb/2023:12:25:35 +0000] "OPTIONS /api/account/login HTTP/1.1" 204 0
::1 - - [20/Feb/2023:12:25:36 +0000] "POST /api/account/login HTTP/1.1" 200 410
::1 - - [20/Feb/2023:12:25:36 +0000] "OPTIONS /api/Customer/GetListAccountPayment/18 HTTP/1.1" 204 0
::1 - - [20/Feb/2023:12:25:36 +0000] "GET /api/Customer/GetListAccountPayment/18 HTTP/1.1" 304 -
::1 - - [20/Feb/2023:12:25:39 +0000] "GET /api/Customer/GetListAccountPayment/18 HTTP/1.1" 304 -
::1 - - [20/Feb/2023:12:25:39 +0000] "OPTIONS /api/generic/ListPaymentType HTTP/1.1" 204 0
::1 - - [20/Feb/2023:12:25:40 +0000] "GET /api/generic/ListPaymentType HTTP/1.1" 304 -
::1 - - [20/Feb/2023:12:25:41 +0000] "OPTIONS /api/Customer/GetListRecipient/18 HTTP/1.1" 204 0
::1 - - [20/Feb/2023:12:25:41 +0000] "GET /api/Customer/GetListRecipient/18 HTTP/1.1" 304 -
::1 - - [20/Feb/2023:12:25:41 +0000] "OPTIONS /api/generic/ListBank HTTP/1.1" 204 0
::1 - - [20/Feb/2023:12:25:42 +0000] "GET /api/generic/ListBank HTTP/1.1" 304 -
::1 - - [20/Feb/2023:12:25:52 +0000] "OPTIONS /api/generic/InternalTransfer HTTP/1.1" 204 0
::1 - - [20/Feb/2023:12:25:57 +0000] "POST /api/generic/InternalTransfer HTTP/1.1" - -
::1 - - [20/Feb/2023:12:28:07 +0000] "OPTIONS /api/Customer/GetListAccountPayment/18 HTTP/1.1" 204 0
::1 - - [20/Feb/2023:12:28:10 +0000] "GET /api/Customer/GetListAccountPayment/18 HTTP/1.1" 304 -
::1 - - [20/Feb/2023:12:28:12 +0000] "OPTIONS /api/Customer/GetListAccountPayment/18 HTTP/1.1" 204 0
::1 - - [20/Feb/2023:12:28:12 +0000] "GET /api/Customer/GetListAccountPayment/18 HTTP/1.1" 304 -
::1 - - [20/Feb/2023:12:28:12 +0000] "OPTIONS /api/generic/ListPaymentType HTTP/1.1" 204 0
::1 - - [20/Feb/2023:12:28:13 +0000] "GET /api/generic/ListPaymentType HTTP/1.1" 304 -
::1 - - [20/Feb/2023:12:28:39 +0000] "OPTIONS /api/Customer/GetListRecipient/18 HTTP/1.1" 204 0
::1 - - [20/Feb/2023:12:28:39 +0000] "GET /api/Customer/GetListRecipient/18 HTTP/1.1" 304 -
::1 - - [20/Feb/2023:12:28:39 +0000] "OPTIONS /api/generic/ListBank HTTP/1.1" 204 0
::1 - - [20/Feb/2023:12:28:40 +0000] "GET /api/generic/ListBank HTTP/1.1" 304 -
::1 - - [20/Feb/2023:12:28:47 +0000] "OPTIONS /api/generic/InternalTransfer HTTP/1.1" 204 0
::1 - - [20/Feb/2023:12:28:52 +0000] "POST /api/generic/InternalTransfer HTTP/1.1" - -
::1 - - [20/Feb/2023:12:28:56 +0000] "OPTIONS /api/generic/InternalTransfer HTTP/1.1" 204 0
::1 - - [20/Feb/2023:12:29:01 +0000] "POST /api/generic/InternalTransfer HTTP/1.1" - -
::1 - - [20/Feb/2023:12:29:12 +0000] "GET /api/generic/InternalTransfer HTTP/1.1" 401 38
::1 - - [20/Feb/2023:12:29:12 +0000] "GET /favicon.ico HTTP/1.1" 404 30
::1 - - [20/Feb/2023:12:30:17 +0000] "OPTIONS /api/generic/InternalTransfer HTTP/1.1" 204 0
::1 - - [20/Feb/2023:12:30:22 +0000] "POST /api/generic/InternalTransfer HTTP/1.1" - -
::1 - - [20/Feb/2023:12:30:23 +0000] "GET /api/generic/InternalTransfer HTTP/1.1" 401 38
::1 - - [20/Feb/2023:12:31:02 +0000] "OPTIONS /api/generic/InternalTransfer HTTP/1.1" 204 0
::1 - - [20/Feb/2023:12:31:02 +0000] "POST /api/generic/InternalTransfer HTTP/1.1" 401 34
::1 - - [20/Feb/2023:12:31:02 +0000] "OPTIONS /api/account/refresh HTTP/1.1" 204 0
::1 - - [20/Feb/2023:12:31:05 +0000] "POST /api/account/refresh HTTP/1.1" 200 184
::1 - - [20/Feb/2023:12:31:10 +0000] "POST /api/generic/InternalTransfer HTTP/1.1" - -
::1 - - [20/Feb/2023:12:31:24 +0000] "OPTIONS /api/generic/InternalTransfer HTTP/1.1" 204 0
::1 - - [20/Feb/2023:12:31:29 +0000] "POST /api/generic/InternalTransfer HTTP/1.1" - -
::1 - - [20/Feb/2023:12:32:06 +0000] "OPTIONS /api/generic/InternalTransfer HTTP/1.1" 204 0
::1 - - [20/Feb/2023:12:32:11 +0000] "POST /api/generic/InternalTransfer HTTP/1.1" - -
::1 - - [20/Feb/2023:12:32:31 +0000] "GET /api/generic/InternalTransfer HTTP/1.1" 401 38
::1 - - [20/Feb/2023:12:32:53 +0000] "OPTIONS /api/Customer/GetListAccountPayment/18 HTTP/1.1" 204 0
::1 - - [20/Feb/2023:12:32:54 +0000] "GET /api/Customer/GetListAccountPayment/18 HTTP/1.1" 304 -
::1 - - [20/Feb/2023:12:32:56 +0000] "GET /api/Customer/GetListAccountPayment/18 HTTP/1.1" 304 -
::1 - - [20/Feb/2023:12:32:56 +0000] "OPTIONS /api/generic/ListPaymentType HTTP/1.1" 204 0
::1 - - [20/Feb/2023:12:32:57 +0000] "GET /api/generic/ListPaymentType HTTP/1.1" 304 -
::1 - - [20/Feb/2023:12:32:59 +0000] "OPTIONS /api/Customer/GetListRecipient/18 HTTP/1.1" 204 0
::1 - - [20/Feb/2023:12:33:00 +0000] "GET /api/Customer/GetListRecipient/18 HTTP/1.1" 304 -
::1 - - [20/Feb/2023:12:33:00 +0000] "OPTIONS /api/generic/ListBank HTTP/1.1" 204 0
::1 - - [20/Feb/2023:12:33:01 +0000] "GET /api/generic/ListBank HTTP/1.1" 304 -
::1 - - [20/Feb/2023:12:33:08 +0000] "OPTIONS /api/generic/InternalTransfer HTTP/1.1" 204 0
::1 - - [20/Feb/2023:12:33:13 +0000] "POST /api/generic/InternalTransfer HTTP/1.1" - -
::1 - - [20/Feb/2023:12:34:18 +0000] "POST /api/generic/InternalTransfer HTTP/1.1" 200 71
::1 - - [20/Feb/2023:12:35:26 +0000] "POST /api/generic/InternalTransfer HTTP/1.1" 200 71
::1 - - [20/Feb/2023:12:35:42 +0000] "OPTIONS /api/Customer/GetListAccountPayment/18 HTTP/1.1" 204 0
::1 - - [20/Feb/2023:12:35:42 +0000] "GET /api/Customer/GetListAccountPayment/18 HTTP/1.1" 304 -
::1 - - [20/Feb/2023:12:35:43 +0000] "OPTIONS /api/generic/ListPaymentType HTTP/1.1" 204 0
::1 - - [20/Feb/2023:12:35:43 +0000] "GET /api/generic/ListPaymentType HTTP/1.1" 304 -
::1 - - [20/Feb/2023:12:35:51 +0000] "OPTIONS /api/Customer/GetListRecipient/18 HTTP/1.1" 204 0
::1 - - [20/Feb/2023:12:35:51 +0000] "GET /api/Customer/GetListRecipient/18 HTTP/1.1" 304 -
::1 - - [20/Feb/2023:12:35:51 +0000] "OPTIONS /api/generic/ListBank HTTP/1.1" 204 0
::1 - - [20/Feb/2023:12:35:52 +0000] "GET /api/generic/ListBank HTTP/1.1" 304 -
::1 - - [20/Feb/2023:12:36:02 +0000] "OPTIONS /api/generic/InternalTransfer HTTP/1.1" 204 0
::1 - - [20/Feb/2023:12:36:06 +0000] "POST /api/generic/InternalTransfer HTTP/1.1" 200 71
::1 - - [20/Feb/2023:12:37:20 +0000] "OPTIONS /api/Customer/GetListAccountPayment/4 HTTP/1.1" 204 0
::1 - - [20/Feb/2023:12:37:20 +0000] "GET /api/Customer/GetListAccountPayment/4 HTTP/1.1" 401 34
::1 - - [20/Feb/2023:12:37:20 +0000] "OPTIONS /api/account/refresh HTTP/1.1" 204 0
::1 - - [20/Feb/2023:12:37:21 +0000] "POST /api/account/refresh HTTP/1.1" 200 182
::1 - - [20/Feb/2023:12:37:22 +0000] "GET /api/Customer/GetListAccountPayment/4 HTTP/1.1" 304 -
::1 - - [20/Feb/2023:12:37:32 +0000] "OPTIONS /api/generic/CheckOTP/489 HTTP/1.1" 204 0
::1 - - [20/Feb/2023:12:37:32 +0000] "POST /api/generic/CheckOTP/489 HTTP/1.1" 401 34
::1 - - [20/Feb/2023:12:37:32 +0000] "OPTIONS /api/account/refresh HTTP/1.1" 204 0
::1 - - [20/Feb/2023:12:37:32 +0000] "POST /api/account/refresh HTTP/1.1" 200 184
::1 - - [20/Feb/2023:12:37:33 +0000] "POST /api/generic/CheckOTP/489 HTTP/1.1" 200 46
::1 - - [20/Feb/2023:12:37:37 +0000] "POST /api/generic/CheckOTP/489 HTTP/1.1" 200 46
::1 - - [20/Feb/2023:12:37:39 +0000] "OPTIONS /api/generic/CheckOTP/489 HTTP/1.1" 204 0
::1 - - [20/Feb/2023:12:37:40 +0000] "POST /api/generic/CheckOTP/489 HTTP/1.1" 200 46
::1 - - [20/Feb/2023:12:37:52 +0000] "OPTIONS /api/generic/CheckOTP/489 HTTP/1.1" 204 0
::1 - - [20/Feb/2023:12:37:53 +0000] "POST /api/generic/CheckOTP/489 HTTP/1.1" 200 46
::1 - - [20/Feb/2023:12:38:10 +0000] "OPTIONS /api/generic/CheckOTP/489 HTTP/1.1" 204 0
::1 - - [20/Feb/2023:12:38:13 +0000] "OPTIONS /api/generic/Transaction/489 HTTP/1.1" 204 0
::1 - - [20/Feb/2023:12:38:13 +0000] "POST /api/generic/CheckOTP/489 HTTP/1.1" 200 53
::1 - - [20/Feb/2023:12:38:13 +0000] "GET /api/generic/Transaction/489 HTTP/1.1" 200 411
::1 - - [20/Feb/2023:12:38:13 +0000] "OPTIONS /api/generic/Transaction/489 HTTP/1.1" 204 0
::1 - - [20/Feb/2023:12:38:13 +0000] "GET /api/generic/Transaction/489 HTTP/1.1" 200 411
::1 - - [20/Feb/2023:12:38:20 +0000] "OPTIONS /api/Customer/GetListAccountPayment/18 HTTP/1.1" 204 0
::1 - - [20/Feb/2023:12:38:20 +0000] "GET /api/Customer/GetListAccountPayment/18 HTTP/1.1" 200 134
::1 - - [20/Feb/2023:12:41:42 +0000] "OPTIONS /api/Customer/GetListAccountPayment/18 HTTP/1.1" 204 0
::1 - - [20/Feb/2023:12:41:43 +0000] "GET /api/Customer/GetListAccountPayment/18 HTTP/1.1" 304 -
::1 - - [20/Feb/2023:12:41:43 +0000] "OPTIONS /api/generic/ListPaymentType HTTP/1.1" 204 0
::1 - - [20/Feb/2023:12:41:44 +0000] "GET /api/generic/ListPaymentType HTTP/1.1" 304 -
::1 - - [20/Feb/2023:12:41:46 +0000] "OPTIONS /api/Customer/GetListRecipient/18 HTTP/1.1" 204 0
::1 - - [20/Feb/2023:12:41:46 +0000] "GET /api/Customer/GetListRecipient/18 HTTP/1.1" 304 -
::1 - - [20/Feb/2023:12:41:46 +0000] "OPTIONS /api/generic/ListBank HTTP/1.1" 204 0
::1 - - [20/Feb/2023:12:41:47 +0000] "GET /api/generic/ListBank HTTP/1.1" 304 -
::1 - - [20/Feb/2023:12:41:57 +0000] "OPTIONS /api/generic/InternalTransfer HTTP/1.1" 204 0
::1 - - [20/Feb/2023:12:42:01 +0000] "POST /api/generic/InternalTransfer HTTP/1.1" 200 71
::1 - - [20/Feb/2023:12:48:32 +0000] "OPTIONS /api/generic/CheckOTP/490 HTTP/1.1" 204 0
::1 - - [20/Feb/2023:12:48:32 +0000] "POST /api/generic/CheckOTP/490 HTTP/1.1" 401 34
::1 - - [20/Feb/2023:12:48:32 +0000] "OPTIONS /api/account/refresh HTTP/1.1" 204 0
::1 - - [20/Feb/2023:12:48:33 +0000] "POST /api/account/refresh HTTP/1.1" 200 184
::1 - - [20/Feb/2023:12:48:36 +0000] "OPTIONS /api/generic/Transaction/490 HTTP/1.1" 204 0
::1 - - [20/Feb/2023:12:48:36 +0000] "GET /api/generic/Transaction/490 HTTP/1.1" 401 34
::1 - - [20/Feb/2023:12:48:36 +0000] "OPTIONS /api/account/refresh HTTP/1.1" 204 0
::1 - - [20/Feb/2023:12:48:36 +0000] "POST /api/generic/CheckOTP/490 HTTP/1.1" 200 53
::1 - - [20/Feb/2023:12:48:36 +0000] "OPTIONS /api/generic/Transaction/490 HTTP/1.1" 204 0
::1 - - [20/Feb/2023:12:48:36 +0000] "POST /api/account/refresh HTTP/1.1" 200 182
::1 - - [20/Feb/2023:12:48:36 +0000] "GET /api/generic/Transaction/490 HTTP/1.1" 200 410
::1 - - [20/Feb/2023:12:48:36 +0000] "GET /api/generic/Transaction/490 HTTP/1.1" 200 410
::1 - - [20/Feb/2023:12:56:26 +0000] "OPTIONS /api/generic/Transaction/490 HTTP/1.1" 204 0
::1 - - [20/Feb/2023:12:56:26 +0000] "GET /api/generic/Transaction/490 HTTP/1.1" 401 34
::1 - - [20/Feb/2023:12:56:26 +0000] "OPTIONS /api/account/refresh HTTP/1.1" 204 0
::1 - - [20/Feb/2023:12:56:27 +0000] "POST /api/account/refresh HTTP/1.1" 200 184
::1 - - [20/Feb/2023:12:56:27 +0000] "GET /api/generic/Transaction/490 HTTP/1.1" 304 -
::1 - - [20/Feb/2023:12:56:55 +0000] "OPTIONS /api/generic/Transaction/490 HTTP/1.1" 204 0
::1 - - [20/Feb/2023:12:56:55 +0000] "GET /api/generic/Transaction/490 HTTP/1.1" 304 -
::1 - - [20/Feb/2023:12:57:10 +0000] "OPTIONS /api/generic/Transaction/490 HTTP/1.1" 204 0
::1 - - [20/Feb/2023:12:57:10 +0000] "GET /api/generic/Transaction/490 HTTP/1.1" 304 -
::1 - - [20/Feb/2023:12:59:17 +0000] "OPTIONS /api/generic/Transaction/490 HTTP/1.1" 204 0
::1 - - [20/Feb/2023:12:59:18 +0000] "GET /api/generic/Transaction/490 HTTP/1.1" 304 -
::1 - - [20/Feb/2023:12:59:31 +0000] "OPTIONS /api/generic/Transaction/490 HTTP/1.1" 204 0
::1 - - [20/Feb/2023:12:59:31 +0000] "GET /api/generic/Transaction/490 HTTP/1.1" 304 -
::1 - - [20/Feb/2023:12:59:45 +0000] "OPTIONS /api/generic/Transaction/490 HTTP/1.1" 204 0
::1 - - [20/Feb/2023:12:59:45 +0000] "GET /api/generic/Transaction/490 HTTP/1.1" 304 -
::1 - - [20/Feb/2023:13:00:41 +0000] "OPTIONS /api/generic/Transaction/490 HTTP/1.1" 204 0
::1 - - [20/Feb/2023:13:00:42 +0000] "GET /api/generic/Transaction/490 HTTP/1.1" 304 -
::1 - - [20/Feb/2023:13:12:00 +0000] "OPTIONS /api/generic/Transaction/490 HTTP/1.1" 204 0
::1 - - [20/Feb/2023:13:12:00 +0000] "GET /api/generic/Transaction/490 HTTP/1.1" 401 34
::1 - - [20/Feb/2023:13:12:00 +0000] "OPTIONS /api/account/refresh HTTP/1.1" 204 0
::1 - - [20/Feb/2023:13:12:01 +0000] "POST /api/account/refresh HTTP/1.1" 200 184
::1 - - [20/Feb/2023:13:12:01 +0000] "GET /api/generic/Transaction/490 HTTP/1.1" 304 -
::1 - - [20/Feb/2023:13:12:12 +0000] "OPTIONS /api/Customer/GetListAccountPayment/18 HTTP/1.1" 204 0
::1 - - [20/Feb/2023:13:12:12 +0000] "GET /api/Customer/GetListAccountPayment/18 HTTP/1.1" 200 134
::1 - - [20/Feb/2023:13:12:12 +0000] "OPTIONS /api/generic/ListPaymentType HTTP/1.1" 204 0
::1 - - [20/Feb/2023:13:12:13 +0000] "GET /api/generic/ListPaymentType HTTP/1.1" 304 -
::1 - - [20/Feb/2023:13:31:58 +0000] "OPTIONS /api/generic/InternalTransfer HTTP/1.1" 204 0
::1 - - [20/Feb/2023:13:31:58 +0000] "POST /api/generic/InternalTransfer HTTP/1.1" 401 34
::1 - - [20/Feb/2023:13:31:59 +0000] "OPTIONS /api/account/refresh HTTP/1.1" 204 0
::1 - - [20/Feb/2023:13:32:00 +0000] "POST /api/account/refresh HTTP/1.1" 200 184
::1 - - [20/Feb/2023:13:32:04 +0000] "POST /api/generic/InternalTransfer HTTP/1.1" 200 71
::1 - - [20/Feb/2023:13:33:16 +0000] "OPTIONS /api/generic/CheckOTP/491 HTTP/1.1" 204 0
::1 - - [20/Feb/2023:13:33:19 +0000] "OPTIONS /api/generic/Transaction/491 HTTP/1.1" 204 0
::1 - - [20/Feb/2023:13:33:19 +0000] "GET /api/generic/Transaction/491 HTTP/1.1" 401 34
::1 - - [20/Feb/2023:13:33:19 +0000] "OPTIONS /api/account/refresh HTTP/1.1" 204 0
::1 - - [20/Feb/2023:13:33:20 +0000] "POST /api/generic/CheckOTP/491 HTTP/1.1" 200 53
::1 - - [20/Feb/2023:13:33:20 +0000] "OPTIONS /api/generic/Transaction/491 HTTP/1.1" 204 0
::1 - - [20/Feb/2023:13:33:20 +0000] "POST /api/account/refresh HTTP/1.1" 200 182
::1 - - [20/Feb/2023:13:33:20 +0000] "GET /api/generic/Transaction/491 HTTP/1.1" 200 409
::1 - - [20/Feb/2023:13:33:20 +0000] "GET /api/generic/Transaction/491 HTTP/1.1" 200 409
::1 - - [20/Feb/2023:13:33:49 +0000] "OPTIONS /api/Customer/GetListAccountPayment/18 HTTP/1.1" 204 0
::1 - - [20/Feb/2023:13:33:49 +0000] "GET /api/Customer/GetListAccountPayment/18 HTTP/1.1" 200 134
::1 - - [20/Feb/2023:13:33:49 +0000] "OPTIONS /api/generic/ListPaymentType HTTP/1.1" 204 0
::1 - - [20/Feb/2023:13:33:50 +0000] "GET /api/generic/ListPaymentType HTTP/1.1" 304 -
::1 - - [20/Feb/2023:13:43:12 +0000] "OPTIONS /api/Customer/GetListAccountPayment/18 HTTP/1.1" 204 0
::1 - - [20/Feb/2023:13:43:12 +0000] "GET /api/Customer/GetListAccountPayment/18 HTTP/1.1" 401 34
::1 - - [20/Feb/2023:13:43:12 +0000] "OPTIONS /api/account/refresh HTTP/1.1" 204 0
::1 - - [20/Feb/2023:13:43:38 +0000] "POST /api/account/refresh HTTP/1.1" 401 34
::1 - - [20/Feb/2023:13:44:21 +0000] "OPTIONS /api/Customer/GetListAccountPayment/18 HTTP/1.1" 204 0
::1 - - [20/Feb/2023:13:44:21 +0000] "GET /api/Customer/GetListAccountPayment/18 HTTP/1.1" 401 34
::1 - - [20/Feb/2023:13:44:21 +0000] "OPTIONS /api/account/refresh HTTP/1.1" 204 0
::1 - - [20/Feb/2023:13:44:31 +0000] "OPTIONS /api/Customer/GetListAccountPayment/18 HTTP/1.1" 204 0
::1 - - [20/Feb/2023:13:44:31 +0000] "GET /api/Customer/GetListAccountPayment/18 HTTP/1.1" 401 34
::1 - - [20/Feb/2023:13:44:31 +0000] "OPTIONS /api/account/refresh HTTP/1.1" 204 0
::1 - - [20/Feb/2023:13:44:31 +0000] "POST /api/account/refresh HTTP/1.1" 401 34
::1 - - [20/Feb/2023:13:44:36 +0000] "POST /api/account/refresh HTTP/1.1" 200 184
::1 - - [20/Feb/2023:13:44:36 +0000] "OPTIONS /api/Customer/GetListAccountPayment/18 HTTP/1.1" 204 0
::1 - - [20/Feb/2023:13:44:37 +0000] "GET /api/Customer/GetListAccountPayment/18 HTTP/1.1" 304 -
::1 - - [20/Feb/2023:13:44:44 +0000] "OPTIONS /api/Customer/GetListAccountPayment/18 HTTP/1.1" 204 0
::1 - - [20/Feb/2023:13:44:44 +0000] "GET /api/Customer/GetListAccountPayment/18 HTTP/1.1" 304 -
::1 - - [20/Feb/2023:13:44:57 +0000] "OPTIONS /api/Customer/GetListAccountPayment/18 HTTP/1.1" 204 0
::1 - - [20/Feb/2023:13:44:58 +0000] "GET /api/Customer/GetListAccountPayment/18 HTTP/1.1" 304 -
::1 - - [20/Feb/2023:13:44:58 +0000] "OPTIONS /api/generic/ListPaymentType HTTP/1.1" 204 0
::1 - - [20/Feb/2023:13:45:03 +0000] "GET /api/generic/ListPaymentType HTTP/1.1" - -
::1 - - [20/Feb/2023:13:45:28 +0000] "OPTIONS /api/Customer/GetListAccountPayment/18 HTTP/1.1" 204 0
::1 - - [20/Feb/2023:13:45:33 +0000] "GET /api/Customer/GetListAccountPayment/18 HTTP/1.1" - -
::1 - - [20/Feb/2023:13:48:24 +0000] "OPTIONS /api/Customer/GetListAccountPayment/18 HTTP/1.1" 204 0
::1 - - [20/Feb/2023:13:48:29 +0000] "GET /api/Customer/GetListAccountPayment/18 HTTP/1.1" - -
::1 - - [20/Feb/2023:13:49:27 +0000] "OPTIONS /api/Customer/GetListAccountPayment/18 HTTP/1.1" 204 0
::1 - - [20/Feb/2023:13:49:31 +0000] "GET /api/Customer/GetListAccountPayment/18 HTTP/1.1" 200 134
::1 - - [20/Feb/2023:13:52:00 +0000] "OPTIONS /api/Customer/GetListAccountPayment/4 HTTP/1.1" 204 0
::1 - - [20/Feb/2023:13:52:00 +0000] "GET /api/Customer/GetListAccountPayment/4 HTTP/1.1" 401 34
::1 - - [20/Feb/2023:13:52:00 +0000] "OPTIONS /api/account/refresh HTTP/1.1" 204 0
::1 - - [20/Feb/2023:13:52:02 +0000] "POST /api/account/refresh HTTP/1.1" 200 182
::1 - - [20/Feb/2023:13:52:02 +0000] "GET /api/Customer/GetListAccountPayment/4 HTTP/1.1" 200 193
::1 - - [20/Feb/2023:13:52:11 +0000] "OPTIONS /api/Customer/GetListAccountPayment/18 HTTP/1.1" 204 0
::1 - - [20/Feb/2023:13:52:11 +0000] "GET /api/Customer/GetListAccountPayment/18 HTTP/1.1" 401 34
::1 - - [20/Feb/2023:13:52:11 +0000] "OPTIONS /api/account/refresh HTTP/1.1" 204 0
::1 - - [20/Feb/2023:13:52:11 +0000] "POST /api/account/refresh HTTP/1.1" 200 184
::1 - - [20/Feb/2023:13:52:12 +0000] "GET /api/Customer/GetListAccountPayment/18 HTTP/1.1" 304 -
::1 - - [20/Feb/2023:14:13:01 +0000] "OPTIONS /api/Customer/GetListAccountPayment/18 HTTP/1.1" 204 0
::1 - - [20/Feb/2023:14:13:01 +0000] "GET /api/Customer/GetListAccountPayment/18 HTTP/1.1" 401 34
::1 - - [20/Feb/2023:14:13:01 +0000] "OPTIONS /api/account/refresh HTTP/1.1" 204 0
::1 - - [20/Feb/2023:14:13:02 +0000] "POST /api/account/refresh HTTP/1.1" 200 184
::1 - - [20/Feb/2023:14:13:02 +0000] "GET /api/Customer/GetListAccountPayment/18 HTTP/1.1" 304 -
::1 - - [20/Feb/2023:14:13:25 +0000] "OPTIONS /api/Customer/GetListAccountPayment/18 HTTP/1.1" 204 0
::1 - - [20/Feb/2023:14:13:25 +0000] "GET /api/Customer/GetListAccountPayment/18 HTTP/1.1" 304 -
::1 - - [20/Feb/2023:15:09:02 +0000] "OPTIONS /api/account/login HTTP/1.1" 204 0
::1 - - [20/Feb/2023:15:09:03 +0000] "POST /api/account/login HTTP/1.1" 200 410
::1 - - [20/Feb/2023:15:09:04 +0000] "OPTIONS /api/admin/GetListTransaction?month=2&year=2023 HTTP/1.1" 204 0
::1 - - [20/Feb/2023:15:09:04 +0000] "GET /api/admin/GetListTransaction?month=2&year=2023 HTTP/1.1" 200 18166
::1 - - [20/Feb/2023:15:09:32 +0000] "OPTIONS /api/admin HTTP/1.1" 204 0
::1 - - [20/Feb/2023:15:09:32 +0000] "GET /api/admin HTTP/1.1" 200 739
::1 - - [20/Feb/2023:15:09:33 +0000] "OPTIONS /api/admin/GetListTransaction?month=2&year=2023 HTTP/1.1" 204 0
::1 - - [20/Feb/2023:15:09:34 +0000] "GET /api/admin/GetListTransaction?month=2&year=2023 HTTP/1.1" 304 -
::1 - - [20/Feb/2023:15:10:01 +0000] "OPTIONS /api/admin/GetListTransaction?month=2&year=2023 HTTP/1.1" 204 0
::1 - - [20/Feb/2023:15:10:02 +0000] "GET /api/admin/GetListTransaction?month=2&year=2023 HTTP/1.1" 304 -
::1 - - [20/Feb/2023:15:11:04 +0000] "OPTIONS /api/admin/GetListTransaction?month=2&year=2023 HTTP/1.1" 204 0
::1 - - [20/Feb/2023:15:11:05 +0000] "GET /api/admin/GetListTransaction?month=2&year=2023 HTTP/1.1" 304 -
::1 - - [20/Feb/2023:15:11:19 +0000] "OPTIONS /api/admin HTTP/1.1" 204 0
::1 - - [20/Feb/2023:15:11:19 +0000] "GET /api/admin HTTP/1.1" 304 -
::1 - - [20/Feb/2023:15:11:19 +0000] "OPTIONS /api/admin/GetListTransaction?month=2&year=2023 HTTP/1.1" 204 0
::1 - - [20/Feb/2023:15:11:19 +0000] "GET /api/admin/GetListTransaction?month=2&year=2023 HTTP/1.1" 304 -
::1 - - [20/Feb/2023:15:11:51 +0000] "OPTIONS /api/admin/GetListTransaction?month=2&year=2023 HTTP/1.1" 204 0
::1 - - [20/Feb/2023:15:11:52 +0000] "GET /api/admin/GetListTransaction?month=2&year=2023 HTTP/1.1" 304 -
::1 - - [20/Feb/2023:15:11:55 +0000] "GET /api/admin/GetListTransaction?month=2&year=2023 HTTP/1.1" 304 -
::1 - - [20/Feb/2023:15:12:47 +0000] "OPTIONS /api/admin/GetListTransaction?month=01&year=2023 HTTP/1.1" 204 0
::1 - - [20/Feb/2023:15:12:48 +0000] "GET /api/admin/GetListTransaction?month=01&year=2023 HTTP/1.1" 200 1557
::1 - - [20/Feb/2023:15:13:05 +0000] "OPTIONS /api/admin HTTP/1.1" 204 0
::1 - - [20/Feb/2023:15:13:05 +0000] "GET /api/admin HTTP/1.1" 304 -
::1 - - [20/Feb/2023:15:13:16 +0000] "OPTIONS /api/admin/GetListTransaction?month=2&year=2023 HTTP/1.1" 204 0
::1 - - [20/Feb/2023:15:13:16 +0000] "GET /api/admin/GetListTransaction?month=2&year=2023 HTTP/1.1" 304 -
::1 - - [20/Feb/2023:15:13:16 +0000] "OPTIONS /api/admin HTTP/1.1" 204 0
::1 - - [20/Feb/2023:15:13:17 +0000] "GET /api/admin HTTP/1.1" 304 -
::1 - - [20/Feb/2023:15:13:20 +0000] "OPTIONS /api/Customer/GetListRecipient/4 HTTP/1.1" 204 0
::1 - - [20/Feb/2023:15:13:20 +0000] "GET /api/Customer/GetListRecipient/4 HTTP/1.1" 401 34
::1 - - [20/Feb/2023:15:13:20 +0000] "OPTIONS /api/account/refresh HTTP/1.1" 204 0
::1 - - [20/Feb/2023:15:13:20 +0000] "POST /api/account/refresh HTTP/1.1" 200 182
::1 - - [20/Feb/2023:15:13:20 +0000] "GET /api/Customer/GetListRecipient/4 HTTP/1.1" 304 -
::1 - - [20/Feb/2023:15:13:20 +0000] "OPTIONS /api/generic/ListBank HTTP/1.1" 204 0
::1 - - [20/Feb/2023:15:13:21 +0000] "GET /api/generic/ListBank HTTP/1.1" 304 -
::1 - - [20/Feb/2023:15:13:21 +0000] "OPTIONS /api/Customer/GetListAccountPayment/4 HTTP/1.1" 204 0
::1 - - [20/Feb/2023:15:13:21 +0000] "GET /api/Customer/GetListAccountPayment/4 HTTP/1.1" 304 -
::1 - - [20/Feb/2023:15:13:22 +0000] "GET /api/Customer/GetListAccountPayment/4 HTTP/1.1" 304 -
::1 - - [20/Feb/2023:15:13:22 +0000] "OPTIONS /api/customer/GetListTransaction/1212312476 HTTP/1.1" 204 0
::1 - - [20/Feb/2023:15:13:23 +0000] "GET /api/customer/GetListTransaction/1212312476 HTTP/1.1" 200 54073
